TN:
SF:/Users/zhangyin/web/v1/src/components/HelloWorld.vue
FNF:0
FNH:0
DA:27,1
LF:1
LH:1
BRF:0
BRH:0
end_of_record
TN:
SF:/Users/zhangyin/web/v1/src/store/modules/permission.js
FN:15,(anonymous_0)
FN:15,(anonymous_1)
FN:24,getExistParent
FNF:3
FNH:3
FNDA:10,(anonymous_0)
FNDA:10,(anonymous_1)
FNDA:4,getExistParent
DA:9,1
DA:14,1
DA:15,10
DA:16,10
DA:17,10
DA:18,4
DA:19,4
DA:20,4
DA:21,3
DA:22,2
DA:25,4
DA:26,4
DA:27,4
DA:28,4
DA:29,0
DA:34,1
DA:36,1
LF:17
LH:16
BRDA:16,0,0,0
BRDA:16,0,1,10
BRDA:17,1,0,6
BRDA:17,1,1,4
BRDA:19,2,0,0
BRDA:19,2,1,4
BRDA:20,3,0,1
BRDA:20,3,1,3
BRDA:21,4,0,1
BRDA:21,4,1,2
BRDA:22,5,0,2
BRDA:22,5,1,0
BRDA:25,6,0,0
BRDA:25,6,1,4
BRDA:27,7,0,0
BRDA:27,7,1,4
BRDA:28,8,0,4
BRDA:28,8,1,0
BRF:18
BRH:12
end_of_record
TN:
SF:/Users/zhangyin/web/v1/src/utils/http.js
FN:12,(anonymous_0)
FN:15,(anonymous_1)
FN:23,(anonymous_2)
FN:24,(anonymous_3)
FN:31,(anonymous_4)
FNF:5
FNH:1
FNDA:1,(anonymous_0)
FNDA:0,(anonymous_1)
FNDA:0,(anonymous_2)
FNDA:0,(anonymous_3)
FNDA:0,(anonymous_4)
DA:5,1
DA:12,1
DA:14,1
DA:17,0
DA:18,0
DA:22,1
DA:23,0
DA:25,0
DA:26,0
DA:34,0
DA:35,0
DA:40,0
DA:41,0
DA:46,0
DA:47,0
DA:53,0
DA:54,0
DA:60,0
LF:18
LH:4
BRDA:25,0,0,0
BRDA:25,0,1,0
BRDA:34,1,0,0
BRDA:34,1,1,0
BRDA:40,2,0,0
BRDA:40,2,1,0
BRDA:46,3,0,0
BRDA:46,3,1,0
BRF:8
BRH:0
end_of_record
TN:
SF:/Users/zhangyin/web/v1/src/App.vue
FNF:0
FNH:0
LF:0
LH:0
BRF:0
BRH:0
end_of_record
TN:
SF:/Users/zhangyin/web/v1/src/api/book.js
FN:3,getBooks
FN:10,_401
FN:17,_403
FN:24,_404
FN:31,_500
FNF:5
FNH:0
FNDA:0,getBooks
FNDA:0,_401
FNDA:0,_403
FNDA:0,_404
FNDA:0,_500
DA:4,0
DA:11,0
DA:18,0
DA:25,0
DA:32,0
LF:5
LH:0
BRF:0
BRH:0
end_of_record
TN:
SF:/Users/zhangyin/web/v1/src/router/index.js
FN:23,(anonymous_0)
FN:25,(anonymous_1)
FN:26,(anonymous_2)
FN:34,(anonymous_3)
FNF:4
FNH:0
FNDA:0,(anonymous_0)
FNDA:0,(anonymous_1)
FNDA:0,(anonymous_2)
FNDA:0,(anonymous_3)
DA:8,1
DA:11,1
DA:20,1
DA:23,0
DA:25,0
DA:26,0
DA:33,1
DA:34,0
LF:8
LH:4
BRF:0
BRH:0
end_of_record
TN:
SF:/Users/zhangyin/web/v1/src/views/Login.vue
FN:54,(anonymous_0)
FNF:1
FNH:0
FNDA:0,(anonymous_0)
DA:31,1
DA:35,1
DA:42,0
DA:52,0
DA:53,0
DA:54,0
DA:55,0
DA:56,0
DA:57,0
DA:58,0
DA:59,0
DA:60,0
DA:62,0
LF:13
LH:2
BRDA:57,0,0,0
BRDA:57,0,1,0
BRDA:59,1,0,0
BRDA:59,1,1,0
BRF:4
BRH:0
end_of_record
TN:
SF:/Users/zhangyin/web/v1/src/views/NotFound.vue
FN:12,(anonymous_0)
FN:14,(anonymous_1)
FNF:2
FNH:0
FNDA:0,(anonymous_0)
FNDA:0,(anonymous_1)
DA:13,0
DA:15,0
LF:2
LH:0
BRF:0
BRH:0
end_of_record
TN:
SF:/Users/zhangyin/web/v1/src/views/Book.vue
FN:39,(anonymous_0)
FN:48,(anonymous_1)
FN:49,(anonymous_2)
FN:53,(anonymous_3)
FN:54,(anonymous_4)
FN:58,(anonymous_5)
FN:59,(anonymous_6)
FN:63,(anonymous_7)
FN:64,(anonymous_8)
FN:68,(anonymous_9)
FN:69,(anonymous_10)
FNF:11
FNH:0
FNDA:0,(anonymous_0)
FNDA:0,(anonymous_1)
FNDA:0,(anonymous_2)
FNDA:0,(anonymous_3)
FNDA:0,(anonymous_4)
FNDA:0,(anonymous_5)
FNDA:0,(anonymous_6)
FNDA:0,(anonymous_7)
FNDA:0,(anonymous_8)
FNDA:0,(anonymous_9)
FNDA:0,(anonymous_10)
DA:40,0
DA:43,0
DA:49,0
DA:50,0
DA:54,0
DA:55,0
DA:59,0
DA:60,0
DA:64,0
DA:65,0
DA:69,0
DA:70,0
LF:12
LH:0
BRDA:50,0,0,0
BRDA:50,0,1,0
BRDA:50,0,2,0
BRF:3
BRH:0
end_of_record
TN:
SF:/Users/zhangyin/web/v1/src/store/index.js
FNF:0
FNH:0
DA:10,1
LF:1
LH:1
BRF:0
BRH:0
end_of_record
TN:
SF:/Users/zhangyin/web/v1/src/store/actions.js
FN:3,(anonymous_0)
FNF:1
FNH:0
FNDA:0,(anonymous_0)
DA:3,1
DA:4,0
DA:5,0
LF:3
LH:1
BRDA:4,0,0,0
BRDA:4,0,1,0
BRF:2
BRH:0
end_of_record
TN:
SF:/Users/zhangyin/web/v1/src/store/mutation-types.js
FNF:0
FNH:0
DA:4,1
LF:1
LH:1
BRF:0
BRH:0
end_of_record
TN:
SF:/Users/zhangyin/web/v1/src/store/getters.js
FN:1,(anonymous_0)
FN:2,(anonymous_1)
FN:3,(anonymous_2)
FNF:3
FNH:0
FNDA:0,(anonymous_0)
FNDA:0,(anonymous_1)
FNDA:0,(anonymous_2)
DA:1,1
DA:2,0
DA:3,0
DA:4,0
LF:4
LH:1
BRF:0
BRH:0
end_of_record
TN:
SF:/Users/zhangyin/web/v1/src/store/modules/auth.js
FNF:0
FNH:0
DA:1,1
DA:8,1
DA:10,1
DA:12,1
LF:4
LH:4
BRF:0
BRH:0
end_of_record
TN:
SF:/Users/zhangyin/web/v1/src/store/modules/errorLog.js
FN:16,(anonymous_0)
FNF:1
FNH:0
FNDA:0,(anonymous_0)
DA:3,1
DA:7,1
DA:9,1
DA:11,0
DA:15,1
DA:17,0
LF:6
LH:4
BRF:0
BRH:0
end_of_record
TN:
SF:/Users/zhangyin/web/v1/src/views/admin/AdminRoot.vue
FNF:0
FNH:0
LF:0
LH:0
BRF:0
BRH:0
end_of_record
TN:
SF:/Users/zhangyin/web/v1/src/views/tmr/TmrNotAuthorized.vue
FN:12,(anonymous_0)
FN:14,(anonymous_1)
FNF:2
FNH:0
FNDA:0,(anonymous_0)
FNDA:0,(anonymous_1)
DA:13,0
DA:15,0
LF:2
LH:0
BRF:0
BRH:0
end_of_record
TN:
SF:/Users/zhangyin/web/v1/src/views/tmr/TmrNotFound.vue
FN:12,(anonymous_0)
FN:14,(anonymous_1)
FNF:2
FNH:0
FNDA:0,(anonymous_0)
FNDA:0,(anonymous_1)
DA:13,0
DA:15,0
LF:2
LH:0
BRF:0
BRH:0
end_of_record
TN:
SF:/Users/zhangyin/web/v1/src/views/tmr/TmrRoot.vue
FNF:0
FNH:0
LF:0
LH:0
BRF:0
BRH:0
end_of_record
